2018-02-04 21:00:38,930 - parser_trigger-11476-0017 - ERROR - global name 'devices' is not defined
2018-02-05 15:39:33,437 - parser_trigger-11996-0003 - ERROR - 'policy_type'
2018-02-05 15:49:09,059 - parser_trigger-16240-0000 - ERROR - 'NoneType' object has no attribute '__getitem__'
2018-02-06 15:54:55,242 - parser_trigger-03872-0019 - ERROR - History data not exist for last 11
2018-02-06 16:01:22,785 - parser_trigger-13900-0001 - ERROR - History data not exist for last 11
2018-02-06 16:02:06,532 - parser_trigger-13900-0019 - ERROR - History data not exist for last 11
2018-02-06 16:02:06,871 - parser_trigger-13900-0013 - ERROR - History data not exist for last 11
2018-02-06 16:02:07,332 - parser_trigger-13900-0016 - ERROR - History data not exist for last 11
2018-02-06 16:02:07,512 - parser_trigger-13900-0019 - ERROR - History data not exist for last 11
2018-02-06 16:02:07,700 - parser_trigger-13900-0008 - ERROR - History data not exist for last 11
2018-02-06 16:02:07,881 - parser_trigger-13900-0001 - ERROR - History data not exist for last 11
2018-02-06 16:02:08,069 - parser_trigger-13900-0015 - ERROR - History data not exist for last 11
2018-02-06 16:02:08,269 - parser_trigger-13900-0006 - ERROR - History data not exist for last 11
2018-02-06 16:02:08,516 - parser_trigger-13900-0002 - ERROR - list index out of range
2018-02-06 16:07:22,038 - parser_trigger-13384-0013 - ERROR - History data not exist for last 11
2018-02-06 16:07:22,257 - parser_trigger-13384-0004 - ERROR - History data not exist for last 11
2018-02-06 16:07:22,444 - parser_trigger-13384-0000 - ERROR - History data not exist for last 11
2018-02-06 16:07:22,631 - parser_trigger-13384-0006 - ERROR - History data not exist for last 11
2018-02-06 16:07:22,842 - parser_trigger-13384-0002 - ERROR - History data not exist for last 11
2018-02-06 16:07:23,019 - parser_trigger-13384-0005 - ERROR - History data not exist for last 11
2018-02-06 16:07:23,197 - parser_trigger-13384-0013 - ERROR - History data not exist for last 11
2018-02-06 16:07:23,378 - parser_trigger-13384-0014 - ERROR - History data not exist for last 11
2018-02-06 16:07:23,573 - parser_trigger-13384-0003 - ERROR - History data not exist for last 11
2018-02-06 16:07:23,759 - parser_trigger-13384-0001 - ERROR - list index out of range
2018-02-06 16:15:45,808 - parser_trigger-03888-0013 - ERROR - object of type 'bool' has no len()
2018-02-06 16:15:46,046 - parser_trigger-03888-0012 - ERROR - object of type 'bool' has no len()
2018-02-06 16:15:46,234 - parser_trigger-03888-0008 - ERROR - object of type 'bool' has no len()
2018-02-06 16:15:46,426 - parser_trigger-03888-0006 - ERROR - object of type 'bool' has no len()
2018-02-06 16:15:46,632 - parser_trigger-03888-0012 - ERROR - object of type 'bool' has no len()
2018-02-06 16:15:46,835 - parser_trigger-03888-0016 - ERROR - object of type 'bool' has no len()
2018-02-06 16:15:47,010 - parser_trigger-03888-0008 - ERROR - object of type 'bool' has no len()
2018-02-06 16:15:47,201 - parser_trigger-03888-0003 - ERROR - object of type 'bool' has no len()
2018-02-06 16:15:47,391 - parser_trigger-03888-0019 - ERROR - object of type 'bool' has no len()
2018-02-06 16:15:47,565 - parser_trigger-03888-0013 - ERROR - object of type 'bool' has no len()
2018-02-06 16:15:47,753 - parser_trigger-03888-0014 - ERROR - object of type 'bool' has no len()
2018-02-06 16:15:47,940 - parser_trigger-03888-0000 - ERROR - object of type 'bool' has no len()
2018-02-06 16:15:48,118 - parser_trigger-03888-0007 - ERROR - object of type 'bool' has no len()
2018-02-06 16:15:48,292 - parser_trigger-03888-0001 - ERROR - object of type 'bool' has no len()
2018-02-06 16:15:48,463 - parser_trigger-03888-0009 - ERROR - object of type 'bool' has no len()
2018-02-06 16:15:48,637 - parser_trigger-03888-0017 - ERROR - object of type 'bool' has no len()
2018-02-06 16:15:48,815 - parser_trigger-03888-0004 - ERROR - object of type 'bool' has no len()
2018-02-06 16:15:48,990 - parser_trigger-03888-0010 - ERROR - object of type 'bool' has no len()
2018-02-06 16:15:49,164 - parser_trigger-03888-0005 - ERROR - object of type 'bool' has no len()
2018-02-06 16:15:49,342 - parser_trigger-03888-0002 - ERROR - object of type 'bool' has no len()
2018-02-06 16:15:49,516 - parser_trigger-03888-0018 - ERROR - object of type 'bool' has no len()
2018-02-06 16:15:49,686 - parser_trigger-03888-0006 - ERROR - object of type 'bool' has no len()
2018-02-06 16:15:49,871 - parser_trigger-03888-0015 - ERROR - object of type 'bool' has no len()
2018-02-06 16:15:50,049 - parser_trigger-03888-0011 - ERROR - object of type 'bool' has no len()
2018-02-06 16:15:50,233 - parser_trigger-03888-0012 - ERROR - object of type 'bool' has no len()
2018-02-06 16:15:50,417 - parser_trigger-03888-0016 - ERROR - object of type 'bool' has no len()
2018-02-06 16:15:50,591 - parser_trigger-03888-0008 - ERROR - object of type 'bool' has no len()
2018-02-06 16:15:50,757 - parser_trigger-03888-0003 - ERROR - object of type 'bool' has no len()
2018-02-06 16:15:50,930 - parser_trigger-03888-0019 - ERROR - object of type 'bool' has no len()
2018-02-06 16:15:51,115 - parser_trigger-03888-0013 - ERROR - object of type 'bool' has no len()
2018-02-06 16:15:51,288 - parser_trigger-03888-0014 - ERROR - object of type 'bool' has no len()
2018-02-06 16:15:51,469 - parser_trigger-03888-0000 - ERROR - object of type 'bool' has no len()
2018-02-06 16:17:59,559 - parser_trigger-12320-0011 - ERROR - (2006, 'MySQL server has gone away')
2018-02-06 16:17:59,723 - parser_trigger-12320-0002 - ERROR - (2006, 'MySQL server has gone away')
2018-02-06 16:18:00,197 - parser_trigger-12320-0013 - ERROR - (2006, 'MySQL server has gone away')
2018-02-06 16:18:01,907 - parser_trigger-12320-0017 - ERROR - (2006, 'MySQL server has gone away')
2018-02-06 16:18:03,961 - parser_trigger-12320-0003 - ERROR - (2006, 'MySQL server has gone away')
2018-02-06 16:18:05,062 - parser_trigger-12320-0011 - ERROR - (2006, 'MySQL server has gone away')
2018-02-06 16:18:05,226 - parser_trigger-12320-0002 - ERROR - (2006, 'MySQL server has gone away')
2018-02-06 16:18:05,714 - parser_trigger-12320-0013 - ERROR - (2006, 'MySQL server has gone away')
2018-02-06 16:18:07,457 - parser_trigger-12320-0017 - ERROR - (2006, 'MySQL server has gone away')
2018-02-06 16:18:09,625 - parser_trigger-12320-0000 - ERROR - (2006, 'MySQL server has gone away')
2018-02-06 16:18:09,792 - parser_trigger-12320-0003 - ERROR - (2006, 'MySQL server has gone away')
2018-02-06 16:18:09,977 - parser_trigger-12320-0010 - ERROR - (2006, 'MySQL server has gone away')
2018-02-06 16:18:10,145 - parser_trigger-12320-0015 - ERROR - (2006, 'MySQL server has gone away')
2018-02-06 16:18:10,596 - parser_trigger-12320-0011 - ERROR - (2006, 'MySQL server has gone away')
2018-02-06 16:18:10,759 - parser_trigger-12320-0002 - ERROR - (2006, 'MySQL server has gone away')
2018-02-06 16:18:11,209 - parser_trigger-12320-0013 - ERROR - (2006, 'MySQL server has gone away')
2018-02-06 16:18:12,799 - parser_trigger-12320-0017 - ERROR - (2006, 'MySQL server has gone away')
2018-02-06 16:18:14,418 - parser_trigger-12320-0000 - ERROR - (2006, 'MySQL server has gone away')
2018-02-06 16:18:14,589 - parser_trigger-12320-0003 - ERROR - (2006, 'MySQL server has gone away')
2018-02-06 16:18:14,757 - parser_trigger-12320-0010 - ERROR - (2006, 'MySQL server has gone away')
2018-02-06 16:18:14,936 - parser_trigger-12320-0015 - ERROR - (2006, 'MySQL server has gone away')
2018-02-06 16:18:15,424 - parser_trigger-12320-0011 - ERROR - (2006, 'MySQL server has gone away')
2018-02-06 16:18:15,591 - parser_trigger-12320-0002 - ERROR - (2006, 'MySQL server has gone away')
2018-02-06 16:18:16,036 - parser_trigger-12320-0013 - ERROR - (2006, 'MySQL server has gone away')
2018-02-06 16:18:17,697 - parser_trigger-12320-0017 - ERROR - (2006, 'MySQL server has gone away')
2018-02-06 16:18:19,484 - parser_trigger-12320-0000 - ERROR - (2006, 'MySQL server has gone away')
2018-02-06 16:18:19,657 - parser_trigger-12320-0003 - ERROR - (2006, 'MySQL server has gone away')
2018-02-06 16:18:19,831 - parser_trigger-12320-0010 - ERROR - (2006, 'MySQL server has gone away')
2018-02-06 16:18:20,003 - parser_trigger-12320-0015 - ERROR - (2006, 'MySQL server has gone away')
2018-02-06 16:18:20,474 - parser_trigger-12320-0011 - ERROR - (2006, 'MySQL server has gone away')
2018-02-06 16:18:20,641 - parser_trigger-12320-0002 - ERROR - (2006, 'MySQL server has gone away')
2018-02-06 16:18:21,194 - parser_trigger-12320-0013 - ERROR - (2006, 'MySQL server has gone away')
2018-02-06 16:18:22,875 - parser_trigger-12320-0017 - ERROR - (2006, 'MySQL server has gone away')
2018-02-06 16:18:24,525 - parser_trigger-12320-0000 - ERROR - (2006, 'MySQL server has gone away')
2018-02-06 16:18:24,694 - parser_trigger-12320-0003 - ERROR - (2006, 'MySQL server has gone away')
2018-02-06 16:18:24,878 - parser_trigger-12320-0010 - ERROR - (2006, 'MySQL server has gone away')
2018-02-06 16:18:25,052 - parser_trigger-12320-0015 - ERROR - (2006, 'MySQL server has gone away')
2018-02-06 16:18:25,522 - parser_trigger-12320-0011 - ERROR - (2006, 'MySQL server has gone away')
2018-02-06 16:18:25,687 - parser_trigger-12320-0002 - ERROR - (2006, 'MySQL server has gone away')
2018-02-06 16:18:26,229 - parser_trigger-12320-0013 - ERROR - (2006, 'MySQL server has gone away')
2018-02-06 16:18:28,145 - parser_trigger-12320-0017 - ERROR - (2006, 'MySQL server has gone away')
2018-02-06 16:18:29,996 - parser_trigger-12320-0000 - ERROR - (2006, 'MySQL server has gone away')
2018-02-06 16:18:30,180 - parser_trigger-12320-0003 - ERROR - (2006, 'MySQL server has gone away')
2018-02-06 16:18:30,345 - parser_trigger-12320-0010 - ERROR - (2006, 'MySQL server has gone away')
2018-02-06 16:18:30,513 - parser_trigger-12320-0015 - ERROR - (2006, 'MySQL server has gone away')
2018-02-06 16:18:31,000 - parser_trigger-12320-0011 - ERROR - (2006, 'MySQL server has gone away')
2018-02-06 16:18:31,177 - parser_trigger-12320-0002 - ERROR - (2006, 'MySQL server has gone away')
2018-02-06 16:18:31,701 - parser_trigger-12320-0013 - ERROR - (2006, 'MySQL server has gone away')
2018-02-06 16:18:33,638 - parser_trigger-12320-0017 - ERROR - (2006, 'MySQL server has gone away')
2018-02-06 16:18:34,459 - parser_trigger-12320-0014 - ERROR - (2006, 'MySQL server has gone away')
2018-02-06 16:18:35,099 - parser_trigger-12320-0016 - ERROR - (2006, 'MySQL server has gone away')
2018-02-06 16:18:35,364 - parser_trigger-12320-0006 - ERROR - (2006, 'MySQL server has gone away')
2018-02-06 16:18:35,562 - parser_trigger-12320-0000 - ERROR - (2006, 'MySQL server has gone away')
2018-02-06 16:18:35,776 - parser_trigger-12320-0003 - ERROR - (2006, 'MySQL server has gone away')
2018-02-06 16:18:36,013 - parser_trigger-12320-0010 - ERROR - (2006, 'MySQL server has gone away')
2018-02-06 16:18:36,279 - parser_trigger-12320-0015 - ERROR - (2006, 'MySQL server has gone away')
2018-02-06 16:18:36,464 - parser_trigger-12320-0019 - ERROR - (2006, 'MySQL server has gone away')
2018-02-06 16:18:36,663 - parser_trigger-12320-0011 - ERROR - (2006, 'MySQL server has gone away')
2018-02-06 16:18:36,842 - parser_trigger-12320-0002 - ERROR - (2006, 'MySQL server has gone away')
2018-02-06 16:18:37,694 - parser_trigger-12320-0013 - ERROR - (2006, 'MySQL server has gone away')
2018-02-06 16:18:37,871 - parser_trigger-12320-0005 - ERROR - (2006, 'MySQL server has gone away')
2018-02-06 16:18:38,049 - parser_trigger-12320-0009 - ERROR - (2006, 'MySQL server has gone away')
2018-02-06 16:18:38,226 - parser_trigger-12320-0007 - ERROR - (2006, 'MySQL server has gone away')
2018-02-06 16:20:26,772 - parser_trigger-12320-0001 - ERROR - (2006, 'MySQL server has gone away')
2018-02-06 16:20:26,947 - parser_trigger-12320-0008 - ERROR - (2006, 'MySQL server has gone away')
2018-02-06 16:20:27,115 - parser_trigger-12320-0018 - ERROR - (2006, 'MySQL server has gone away')
2018-02-06 16:20:27,293 - parser_trigger-12320-0003 - ERROR - (2006, 'MySQL server has gone away')
2018-02-06 16:20:27,473 - parser_trigger-12320-0007 - ERROR - (2006, 'MySQL server has gone away')
2018-02-06 16:20:27,647 - parser_trigger-12320-0015 - ERROR - (2006, 'MySQL server has gone away')
2018-02-06 16:20:27,822 - parser_trigger-12320-0011 - ERROR - (2006, 'MySQL server has gone away')
2018-02-06 16:20:27,997 - parser_trigger-12320-0002 - ERROR - (2006, 'MySQL server has gone away')
2018-02-06 16:20:28,171 - parser_trigger-12320-0012 - ERROR - (2006, 'MySQL server has gone away')
2018-02-06 16:20:28,345 - parser_trigger-12320-0013 - ERROR - (2006, 'MySQL server has gone away')
2018-02-06 16:20:28,512 - parser_trigger-12320-0018 - ERROR - (2006, 'MySQL server has gone away')
2018-02-06 16:20:28,680 - parser_trigger-12320-0004 - ERROR - (2006, 'MySQL server has gone away')
2018-02-06 16:20:28,851 - parser_trigger-12320-0008 - ERROR - (2006, 'MySQL server has gone away')
2018-02-06 16:20:29,020 - parser_trigger-12320-0016 - ERROR - (2006, 'MySQL server has gone away')
2018-02-06 16:20:29,183 - parser_trigger-12320-0009 - ERROR - (2006, 'MySQL server has gone away')
2018-02-06 16:20:29,358 - parser_trigger-12320-0005 - ERROR - (2006, 'MySQL server has gone away')
2018-02-06 16:20:29,535 - parser_trigger-12320-0019 - ERROR - (2006, 'MySQL server has gone away')
2018-02-06 16:20:29,703 - parser_trigger-12320-0006 - ERROR - (2006, 'MySQL server has gone away')
2018-02-06 16:20:29,874 - parser_trigger-12320-0001 - ERROR - (2006, 'MySQL server has gone away')
2018-02-06 16:20:30,046 - parser_trigger-12320-0014 - ERROR - (2006, 'MySQL server has gone away')
2018-02-06 16:20:30,260 - parser_trigger-12320-0000 - ERROR - (2006, 'MySQL server has gone away')
2018-02-06 16:20:30,437 - parser_trigger-12320-0010 - ERROR - (2006, 'MySQL server has gone away')
2018-02-06 16:20:30,612 - parser_trigger-12320-0017 - ERROR - (2006, 'MySQL server has gone away')
2018-02-07 10:32:41,056 - parser_trigger-12040-0010 - ERROR - History data not exist for last 11
2018-02-07 10:33:31,635 - parser_trigger-12656-0005 - ERROR - History data not exist for last 11
2018-02-07 10:33:31,937 - parser_trigger-12656-0004 - ERROR - History data not exist for last 11
2018-02-07 10:33:32,190 - parser_trigger-12656-0000 - ERROR - History data not exist for last 11
2018-02-07 10:33:32,390 - parser_trigger-12656-0003 - ERROR - History data not exist for last 11
2018-02-07 10:33:32,598 - parser_trigger-12656-0014 - ERROR - History data not exist for last 11
2018-02-07 10:33:32,822 - parser_trigger-12656-0012 - ERROR - History data not exist for last 11
2018-02-07 10:33:33,048 - parser_trigger-12656-0018 - ERROR - History data not exist for last 11
2018-02-07 10:33:33,279 - parser_trigger-12656-0011 - ERROR - History data not exist for last 11
2018-02-07 10:33:33,548 - parser_trigger-12656-0002 - ERROR - list index out of range
2018-02-07 11:01:33,556 - parser_trigger-11876-0013 - ERROR - History data not exist for last 11
2018-02-07 11:01:33,776 - parser_trigger-11876-0004 - ERROR - History data not exist for last 11
2018-02-07 11:01:34,033 - parser_trigger-11876-0014 - ERROR - History data not exist for last 11
2018-02-07 11:01:34,309 - parser_trigger-11876-0010 - ERROR - History data not exist for last 11
2018-02-07 11:01:34,565 - parser_trigger-11876-0015 - ERROR - History data not exist for last 11
2018-02-07 11:01:34,813 - parser_trigger-11876-0002 - ERROR - History data not exist for last 11
2018-02-07 11:01:35,072 - parser_trigger-11876-0006 - ERROR - History data not exist for last 11
2018-02-07 11:01:35,280 - parser_trigger-11876-0012 - ERROR - History data not exist for last 11
2018-02-07 11:01:35,519 - parser_trigger-11876-0008 - ERROR - History data not exist for last 11
2018-02-07 11:01:35,729 - parser_trigger-11876-0000 - ERROR - list index out of range
2018-02-07 11:05:23,582 - parser_trigger-13936-0002 - ERROR - must be type, not TriggerDbHelp
2018-02-07 11:05:23,796 - parser_trigger-13936-0004 - ERROR - must be type, not TriggerDbHelp
2018-02-07 11:05:24,009 - parser_trigger-13936-0000 - ERROR - must be type, not TriggerDbHelp
2018-02-07 11:05:24,223 - parser_trigger-13936-0001 - ERROR - must be type, not TriggerDbHelp
2018-02-07 11:05:24,418 - parser_trigger-13936-0003 - ERROR - must be type, not TriggerDbHelp
2018-02-07 11:05:24,601 - parser_trigger-13936-0008 - ERROR - must be type, not TriggerDbHelp
2018-02-07 11:05:24,778 - parser_trigger-13936-0002 - ERROR - must be type, not TriggerDbHelp
2018-02-07 11:05:24,964 - parser_trigger-13936-0005 - ERROR - must be type, not TriggerDbHelp
2018-02-07 11:05:25,144 - parser_trigger-13936-0007 - ERROR - must be type, not TriggerDbHelp
2018-02-07 11:05:25,335 - parser_trigger-13936-0009 - ERROR - must be type, not TriggerDbHelp
2018-02-07 11:05:25,525 - parser_trigger-13936-0006 - ERROR - must be type, not TriggerDbHelp
2018-02-07 11:05:25,701 - parser_trigger-13936-0010 - ERROR - must be type, not TriggerDbHelp
2018-02-07 11:05:25,884 - parser_trigger-13936-0004 - ERROR - must be type, not TriggerDbHelp
2018-02-07 11:05:26,068 - parser_trigger-13936-0011 - ERROR - must be type, not TriggerDbHelp
2018-02-07 11:05:26,246 - parser_trigger-13936-0014 - ERROR - must be type, not TriggerDbHelp
2018-02-07 11:05:26,428 - parser_trigger-13936-0012 - ERROR - must be type, not TriggerDbHelp
2018-02-07 11:05:26,611 - parser_trigger-13936-0017 - ERROR - must be type, not TriggerDbHelp
2018-02-07 11:05:26,780 - parser_trigger-13936-0000 - ERROR - must be type, not TriggerDbHelp
2018-02-07 11:05:26,954 - parser_trigger-13936-0016 - ERROR - must be type, not TriggerDbHelp
2018-02-07 11:05:27,155 - parser_trigger-13936-0015 - ERROR - must be type, not TriggerDbHelp
2018-02-07 11:05:27,413 - parser_trigger-13936-0013 - ERROR - must be type, not TriggerDbHelp
2018-02-07 11:05:27,595 - parser_trigger-13936-0018 - ERROR - must be type, not TriggerDbHelp
2018-02-07 11:05:27,811 - parser_trigger-13936-0019 - ERROR - must be type, not TriggerDbHelp
2018-02-07 11:06:25,798 - parser_trigger-13368-0012 - ERROR - must be type, not TriggerDbHelp
2018-02-07 11:06:25,987 - parser_trigger-13368-0008 - ERROR - must be type, not TriggerDbHelp
2018-02-07 11:06:26,167 - parser_trigger-13368-0012 - ERROR - must be type, not TriggerDbHelp
2018-02-07 11:06:26,414 - parser_trigger-13368-0008 - ERROR - must be type, not TriggerDbHelp
2018-02-07 11:06:26,661 - parser_trigger-13368-0003 - ERROR - must be type, not TriggerDbHelp
2018-02-07 11:06:28,072 - parser_trigger-13368-0000 - ERROR - must be type, not TriggerDbHelp
2018-02-07 11:06:28,301 - parser_trigger-13368-0016 - ERROR - must be type, not TriggerDbHelp
2018-02-07 11:06:29,528 - parser_trigger-13368-0007 - ERROR - must be type, not TriggerDbHelp
2018-02-07 11:06:29,716 - parser_trigger-13368-0011 - ERROR - must be type, not TriggerDbHelp
2018-02-07 11:06:29,898 - parser_trigger-13368-0013 - ERROR - must be type, not TriggerDbHelp
2018-02-07 11:06:30,072 - parser_trigger-13368-0012 - ERROR - must be type, not TriggerDbHelp
2018-02-07 11:06:30,323 - parser_trigger-13368-0004 - ERROR - must be type, not TriggerDbHelp
2018-02-07 11:09:01,496 - parser_trigger-11752-0013 - ERROR - must be type, not TriggerDbHelp
2018-02-07 11:09:01,710 - parser_trigger-11752-0007 - ERROR - must be type, not TriggerDbHelp
2018-02-07 11:09:01,914 - parser_trigger-11752-0019 - ERROR - must be type, not TriggerDbHelp
2018-02-07 11:09:02,119 - parser_trigger-11752-0017 - ERROR - must be type, not TriggerDbHelp
2018-02-07 11:09:02,318 - parser_trigger-11752-0013 - ERROR - must be type, not TriggerDbHelp
2018-02-07 11:09:02,532 - parser_trigger-11752-0003 - ERROR - must be type, not TriggerDbHelp
2018-02-07 11:09:02,740 - parser_trigger-11752-0008 - ERROR - must be type, not TriggerDbHelp
2018-02-07 11:09:02,936 - parser_trigger-11752-0007 - ERROR - must be type, not TriggerDbHelp
2018-02-07 11:09:03,138 - parser_trigger-11752-0019 - ERROR - must be type, not TriggerDbHelp
2018-02-07 11:09:03,338 - parser_trigger-11752-0004 - ERROR - must be type, not TriggerDbHelp
2018-02-07 11:20:57,957 - parser_trigger-04120-0007 - ERROR - History data not exist for last 11
2018-02-07 11:20:58,164 - parser_trigger-04120-0008 - ERROR - History data not exist for last 11
2018-02-07 11:20:58,365 - parser_trigger-04120-0009 - ERROR - History data not exist for last 11
2018-02-07 11:20:58,555 - parser_trigger-04120-0011 - ERROR - History data not exist for last 11
2018-02-07 11:20:58,782 - parser_trigger-04120-0014 - ERROR - History data not exist for last 11
2018-02-07 11:20:58,983 - parser_trigger-04120-0000 - ERROR - History data not exist for last 11
2018-02-07 11:20:59,171 - parser_trigger-04120-0003 - ERROR - History data not exist for last 11
2018-02-07 11:20:59,357 - parser_trigger-04120-0006 - ERROR - History data not exist for last 11
2018-02-07 11:20:59,540 - parser_trigger-04120-0019 - ERROR - History data not exist for last 11
2018-02-07 11:20:59,740 - parser_trigger-04120-0015 - ERROR - list index out of range
2018-02-07 11:21:56,990 - parser_trigger-07804-0017 - ERROR - History data not exist for last 11
2018-02-07 11:21:57,173 - parser_trigger-07804-0003 - ERROR - History data not exist for last 11
2018-02-07 11:21:57,375 - parser_trigger-07804-0012 - ERROR - History data not exist for last 11
2018-02-07 11:21:57,582 - parser_trigger-07804-0013 - ERROR - History data not exist for last 11
2018-02-07 11:21:57,783 - parser_trigger-07804-0005 - ERROR - History data not exist for last 11
2018-02-07 11:21:58,000 - parser_trigger-07804-0010 - ERROR - History data not exist for last 11
2018-02-07 11:21:58,200 - parser_trigger-07804-0008 - ERROR - History data not exist for last 11
2018-02-07 11:21:58,398 - parser_trigger-07804-0011 - ERROR - History data not exist for last 11
2018-02-07 11:21:58,582 - parser_trigger-07804-0015 - ERROR - History data not exist for last 11
2018-02-07 11:21:58,778 - parser_trigger-07804-0014 - ERROR - list index out of range
2018-02-07 11:28:33,151 - parser_trigger-12732-0004 - ERROR - History data not exist for last 11
2018-02-26 10:32:24,733 - parser_trigger-11908-0016 - ERROR - History data not exist for last 11
2018-02-26 10:32:24,980 - parser_trigger-11908-0000 - ERROR - History data not exist for last 11
2018-02-26 10:32:25,305 - parser_trigger-11908-0006 - ERROR - History data not exist for last 11
2018-02-26 10:32:27,243 - parser_trigger-11908-0011 - ERROR - History data not exist for last 11
2018-02-26 10:32:27,434 - parser_trigger-11908-0000 - ERROR - History data not exist for last 11
2018-02-26 10:32:27,690 - parser_trigger-11908-0008 - ERROR - History data not exist for last 11
2018-02-26 10:32:27,905 - parser_trigger-11908-0019 - ERROR - History data not exist for last 11
2018-02-26 10:32:28,407 - parser_trigger-11908-0009 - ERROR - History data not exist for last 11
2018-02-26 10:32:28,638 - parser_trigger-11908-0017 - ERROR - History data not exist for last 11
2018-02-26 10:32:29,190 - parser_trigger-11908-0007 - ERROR - list index out of range
2018-02-26 11:02:43,631 - parser_trigger-10128-0005 - ERROR - History data not exist for last 11
2018-02-26 11:02:43,838 - parser_trigger-10128-0012 - ERROR - History data not exist for last 11
2018-02-26 11:02:44,033 - parser_trigger-10128-0004 - ERROR - History data not exist for last 11
2018-02-26 11:02:44,240 - parser_trigger-10128-0002 - ERROR - History data not exist for last 11
2018-02-26 11:02:44,486 - parser_trigger-10128-0018 - ERROR - History data not exist for last 11
2018-02-26 11:02:46,059 - parser_trigger-10128-0008 - ERROR - History data not exist for last 11
2018-02-26 11:02:46,247 - parser_trigger-10128-0017 - ERROR - History data not exist for last 11
2018-02-26 11:02:46,460 - parser_trigger-10128-0011 - ERROR - History data not exist for last 11
2018-02-26 11:02:46,664 - parser_trigger-10128-0019 - ERROR - History data not exist for last 11
2018-02-26 11:02:46,888 - parser_trigger-10128-0016 - ERROR - list index out of range
2018-02-26 11:23:02,538 - parser_trigger-11168-0001 - ERROR - History data not exist for last 11
2018-02-26 11:23:02,798 - parser_trigger-11168-0000 - ERROR - History data not exist for last 11
2018-02-26 11:23:02,997 - parser_trigger-11168-0011 - ERROR - History data not exist for last 11
2018-02-26 11:23:06,026 - parser_trigger-11168-0013 - ERROR - History data not exist for last 11
2018-02-26 11:23:06,198 - parser_trigger-11168-0009 - ERROR - History data not exist for last 11
2018-02-26 11:23:06,407 - parser_trigger-11168-0015 - ERROR - History data not exist for last 11
2018-02-26 11:23:06,584 - parser_trigger-11168-0001 - ERROR - History data not exist for last 11
2018-02-26 11:23:06,821 - parser_trigger-11168-0017 - ERROR - History data not exist for last 11
2018-02-26 11:23:07,023 - parser_trigger-11168-0003 - ERROR - History data not exist for last 11
2018-02-26 11:23:08,411 - parser_trigger-11168-0010 - ERROR - list index out of range
2018-02-26 14:56:08,256 - parser_trigger-14316-0001 - ERROR - History data not exist for last 11
2018-02-26 14:56:08,255 - parser_trigger-14316-0000 - ERROR - History data not exist for last 11
2018-02-26 14:56:08,298 - parser_trigger-14316-0003 - ERROR - History data not exist for last 11
2018-02-26 14:56:08,328 - parser_trigger-14316-0002 - ERROR - History data not exist for last 11
2018-02-26 16:13:24,275 - parser_trigger-11912-0018 - ERROR - History data not exist for last 11
2018-02-26 16:13:24,302 - parser_trigger-11912-0015 - ERROR - History data not exist for last 11
2018-02-26 16:13:24,302 - parser_trigger-11912-0001 - ERROR - History data not exist for last 11
2018-02-26 16:13:24,305 - parser_trigger-11912-0013 - ERROR - History data not exist for last 11
2018-02-26 16:13:24,339 - parser_trigger-11912-0000 - ERROR - History data not exist for last 11
2018-02-26 16:13:24,596 - parser_trigger-11912-0010 - ERROR - History data not exist for last 11
2018-02-26 16:13:24,759 - parser_trigger-11912-0001 - ERROR - History data not exist for last 11
