2018-02-04 21:00:37,193 - Cli - INFO - Cli Task 1517749237 Begin
2018-02-04 21:00:38,974 - Cli_Parser - ERROR - Parser fail: global name 'devices' is not defined
2018-02-04 21:00:38,974 - Cli - INFO - Cli Task 1517749237 End
2018-02-04 21:00:38,976 - Cli - INFO - Total device task: 1
2018-02-04 21:01:45,976 - Cli - INFO - Cli Task 1517749305 Begin
2018-02-04 21:01:47,671 - Cli - INFO - Cli Task 1517749305 End
2018-02-04 21:01:47,671 - Cli - INFO - Total device task: 1
2018-02-04 21:01:58,430 - Cli - INFO - Cli Task 1517749318 Begin
2018-02-04 21:02:00,114 - Cli - INFO - Cli Task 1517749318 End
2018-02-04 21:02:00,114 - Cli - INFO - Total device task: 1
2018-02-05 14:26:32,913 - Cli - INFO - Cli Task 1517811992 Begin
2018-02-05 14:26:34,394 - Cli_Device - ERROR - Connect Service Error
2018-02-05 14:26:34,394 - Cli - INFO - Cli Task 1517811992 End
2018-02-05 14:26:34,395 - Cli - INFO - Total device task: 1
2018-02-05 15:31:44,651 - Cli - INFO - Cli Task 1517815904 Begin
2018-02-05 15:31:46,325 - Cli - INFO - Cli Task 1517815904 End
2018-02-05 15:31:46,325 - Cli - INFO - Total device task: 1
2018-02-05 15:32:47,071 - Snmp - INFO - Snmp Task 1517815967 Begin
2018-02-05 15:32:47,092 - Snmp - ERROR - 'devices'
2018-02-05 15:32:47,092 - Snmp - INFO - Snmp Task 1517815967 End
2018-02-05 15:32:47,092 - Snmp - INFO - Total device task: 3
2018-02-05 15:33:26,051 - Snmp - INFO - Snmp Task 1517816006 Begin
2018-02-05 15:37:59,799 - Snmp - INFO - Snmp Task 1517816279 Begin
2018-02-05 15:38:00,211 - Snmp - ERROR - 'output'
2018-02-05 15:38:00,213 - Snmp - INFO - Snmp Task 1517816279 End
2018-02-05 15:38:00,213 - Snmp - INFO - Total device task: 1
2018-02-05 15:38:37,594 - Snmp - INFO - Snmp Task 1517816317 Begin
2018-02-05 15:38:38,026 - Snmp - ERROR - 'output'
2018-02-05 15:38:38,026 - Snmp - INFO - Snmp Task 1517816317 End
2018-02-05 15:38:38,026 - Snmp - INFO - Total device task: 1
2018-02-05 15:39:32,796 - Snmp - INFO - Snmp Task 1517816372 Begin
2018-02-05 15:39:33,440 - Snmp_Parser - ERROR - Parser fail: 'policy_type'
2018-02-05 15:39:33,440 - Snmp - INFO - Snmp Task 1517816372 End
2018-02-05 15:39:33,441 - Snmp - INFO - Total device task: 1
2018-02-05 15:49:08,384 - Snmp - INFO - Snmp Task 1517816948 Begin
2018-02-05 15:49:09,063 - Snmp_Parser - ERROR - Parser fail: 'NoneType' object has no attribute '__getitem__'
2018-02-05 15:49:09,065 - Snmp - INFO - Snmp Task 1517816948 End
2018-02-05 15:49:09,065 - Snmp - INFO - Total device task: 1
2018-02-05 15:55:51,382 - Snmp - INFO - Snmp Task 1517817351 Begin
2018-02-05 15:55:52,167 - Snmp - INFO - Snmp Task 1517817351 End
2018-02-05 15:55:52,168 - Snmp - INFO - Total device task: 1
2018-02-05 15:56:12,573 - Snmp - INFO - Snmp Task 1517817372 Begin
2018-02-05 15:56:13,305 - Snmp - INFO - Snmp Task 1517817372 End
2018-02-05 15:56:13,305 - Snmp - INFO - Total device task: 1
2018-02-05 16:08:21,993 - Snmp - INFO - Snmp Task 1517818101 Begin
2018-02-05 16:08:22,338 - Snmp - INFO - Snmp Task 1517818101 End
2018-02-05 16:08:22,338 - Snmp - INFO - Total device task: 0
2018-02-05 16:08:57,105 - Snmp - INFO - Snmp Task 1517818137 Begin
2018-02-05 16:08:57,437 - Snmp - INFO - Snmp Task 1517818137 End
2018-02-05 16:08:57,437 - Snmp - INFO - Total device task: 0
2018-02-05 16:09:06,331 - Snmp - INFO - Snmp Task 1517818146 Begin
2018-02-05 16:09:06,634 - Snmp - INFO - Snmp Task 1517818146 End
2018-02-05 16:09:06,634 - Snmp - INFO - Total device task: 0
2018-02-05 16:10:28,717 - Snmp - INFO - Snmp Task 1517818228 Begin
2018-02-05 16:10:29,043 - Snmp - INFO - Snmp Task 1517818228 End
2018-02-05 16:10:29,045 - Snmp - INFO - Total device task: 0
2018-02-05 16:11:11,111 - Snmp - INFO - Snmp Task 1517818271 Begin
2018-02-05 16:11:11,407 - Snmp - INFO - Snmp Task 1517818271 End
2018-02-05 16:11:11,407 - Snmp - INFO - Total device task: 0
2018-02-05 16:11:29,878 - Snmp - INFO - Snmp Task 1517818289 Begin
2018-02-05 16:11:30,183 - Snmp - INFO - Snmp Task 1517818289 End
2018-02-05 16:11:30,184 - Snmp - INFO - Total device task: 0
