2017/12/25 PM 06:35:03 - backend.apolo.apolomgr.resource.login.authentication - INFO - 15400 - authentication.py - Thread-1 - post - Login successful with username admin and password admin123.
2017/12/25 PM 07:42:07 - backend.apolo.tools.exception - INFO - 24616 - exception.py - Thread-8 - exception_handler - That page number is less than 1
2017/12/25 PM 07:42:26 - backend.apolo.tools.exception - INFO - 29836 - exception.py - Thread-10 - exception_handler - That page number is less than 1
2017/12/26 AM 10:45:46 - backend.apolo.apolomgr.resource.login.authentication - INFO - 11944 - authentication.py - Thread-4 - post - Login successful with username admin and password admin123.
2017/12/26 AM 10:46:46 - backend.apolo.apolomgr.resource.login.authentication - INFO - 11308 - authentication.py - Thread-5 - post - Login successful with username admin and password admin123.
2017/12/26 AM 10:47:20 - backend.apolo.apolomgr.resource.login.authentication - INFO - 3864 - authentication.py - Thread-6 - post - Login successful with username admin and password admin123.
2017/12/26 AM 10:47:52 - backend.apolo.apolomgr.resource.login.authentication - INFO - 11964 - authentication.py - Thread-7 - post - Login successful with username admin and password admin123.
2017/12/26 AM 10:56:18 - backend.apolo.apolomgr.resource.login.authentication - INFO - 6564 - authentication.py - Thread-8 - post - Login successful with username admin and password admin123.
2017/12/26 AM 10:56:31 - backend.apolo.apolomgr.resource.login.authentication - INFO - 9932 - authentication.py - Thread-9 - post - Login successful with username admin and password admin123.
2017/12/26 AM 10:58:09 - backend.apolo.apolomgr.resource.login.authentication - INFO - 11540 - authentication.py - Thread-10 - post - Login successful with username admin and password admin123.
2017/12/26 AM 10:59:37 - backend.apolo.apolomgr.resource.login.authentication - INFO - 8196 - authentication.py - Thread-11 - post - Login successful with username admin and password admin123.
2017/12/26 AM 11:00:56 - backend.apolo.apolomgr.resource.login.authentication - INFO - 11964 - authentication.py - Thread-12 - post - Login failed with incorrect username admin or password admin.
2017/12/26 AM 11:01:09 - backend.apolo.apolomgr.resource.login.authentication - INFO - 12852 - authentication.py - Thread-13 - post - Login successful with username admin and password admin123.
2017/12/26 AM 11:01:30 - backend.apolo.apolomgr.resource.login.authentication - INFO - 13108 - authentication.py - Thread-14 - post - Login successful with username admin and password admin123.
2017/12/26 AM 11:02:03 - backend.apolo.apolomgr.resource.login.authentication - INFO - 11600 - authentication.py - Thread-15 - post - Login successful with username admin and password admin123.
2017/12/26 AM 11:02:44 - backend.apolo.apolomgr.resource.login.authentication - INFO - 12196 - authentication.py - Thread-17 - post - Login successful with username admin and password admin123.
2017/12/26 AM 11:03:16 - backend.apolo.apolomgr.resource.login.authentication - INFO - 11720 - authentication.py - Thread-18 - post - Login successful with username admin and password admin123.
2017/12/26 AM 11:03:47 - backend.apolo.apolomgr.resource.login.authentication - INFO - 9748 - authentication.py - Thread-19 - post - Login successful with username admin and password admin123.
2017/12/26 AM 11:04:14 - backend.apolo.apolomgr.resource.login.authentication - INFO - 2472 - authentication.py - Thread-20 - post - Login successful with username admin and password admin123.
2017/12/26 AM 11:05:07 - backend.apolo.apolomgr.resource.login.authentication - INFO - 11876 - authentication.py - Thread-21 - post - Login successful with username admin and password admin123.
2017/12/26 AM 11:05:52 - backend.apolo.apolomgr.resource.login.authentication - INFO - 9888 - authentication.py - Thread-22 - post - Login successful with username admin and password admin123.
2017/12/26 AM 11:06:26 - backend.apolo.apolomgr.resource.login.authentication - INFO - 12676 - authentication.py - Thread-23 - post - Login successful with username admin and password admin123.
2017/12/26 AM 11:09:25 - backend.apolo.apolomgr.resource.login.authentication - INFO - 12272 - authentication.py - Thread-3 - post - Login successful with username admin and password admin123.
2017/12/26 AM 11:09:50 - backend.apolo.apolomgr.resource.login.authentication - INFO - 11536 - authentication.py - Thread-4 - post - Login successful with username admin and password admin123.
2017/12/26 AM 11:10:35 - backend.apolo.apolomgr.resource.login.authentication - INFO - 5664 - authentication.py - Thread-3 - post - Login successful with username admin and password admin123.
2017/12/26 AM 11:11:25 - backend.apolo.apolomgr.resource.login.authentication - INFO - 12452 - authentication.py - Thread-6 - post - Login successful with username admin and password admin123.
2017/12/26 AM 11:12:08 - backend.apolo.apolomgr.resource.login.authentication - INFO - 11992 - authentication.py - Thread-8 - post - Login successful with username admin and password admin123.
2017/12/26 AM 11:14:44 - backend.apolo.apolomgr.resource.login.authentication - INFO - 5696 - authentication.py - Thread-1 - post - Login successful with username admin and password admin123.
2017/12/26 AM 11:15:47 - backend.apolo.apolomgr.resource.login.authentication - INFO - 7240 - authentication.py - Thread-3 - post - Login successful with username admin and password admin123.
2017/12/26 AM 11:17:09 - backend.apolo.apolomgr.resource.login.authentication - INFO - 11568 - authentication.py - Thread-4 - post - Login successful with username admin and password admin123.
2017/12/26 AM 11:18:19 - backend.apolo.apolomgr.resource.login.authentication - INFO - 12764 - authentication.py - Thread-8 - post - Login successful with username admin and password admin123.
2017/12/26 AM 11:19:56 - backend.apolo.apolomgr.resource.login.authentication - INFO - 12172 - authentication.py - Thread-9 - post - Login successful with username admin and password admin123.
2017/12/26 AM 11:20:30 - backend.apolo.apolomgr.resource.login.authentication - INFO - 9240 - authentication.py - Thread-3 - post - Login successful with username admin and password admin123.
2017/12/26 AM 11:21:10 - backend.apolo.apolomgr.resource.login.authentication - INFO - 12548 - authentication.py - Thread-5 - post - Login successful with username admin and password admin123.
2017/12/26 AM 11:22:23 - backend.apolo.apolomgr.resource.login.authentication - INFO - 14028 - authentication.py - Thread-5 - post - Login successful with username admin and password admin123.
2017/12/26 AM 11:22:23 - backend.apolo.apolomgr.resource.login.authentication - INFO - 14044 - authentication.py - Thread-6 - post - Login successful with username admin and password admin123.
2017/12/26 AM 11:24:43 - backend.apolo.apolomgr.resource.login.authentication - INFO - 9600 - authentication.py - Thread-1 - post - Login successful with username admin and password admin123.
2017/12/26 AM 11:39:42 - backend.apolo.apolomgr.resource.login.authentication - INFO - 14188 - authentication.py - Thread-29 - post - Login successful with username admin and password admin123.
2017/12/26 PM 01:02:19 - backend.apolo.apolomgr.resource.login.authentication - INFO - 11184 - authentication.py - Thread-3 - post - Login successful with username admin and password admin123.
2017/12/26 PM 01:11:19 - backend.apolo.apolomgr.resource.login.authentication - INFO - 11916 - authentication.py - Thread-24 - post - Login successful with username admin and password admin123.
2017/12/26 PM 01:17:53 - backend.apolo.apolomgr.resource.login.authentication - INFO - 13400 - authentication.py - Thread-1 - post - Login successful with username admin and password admin123.
2017/12/26 PM 01:18:23 - backend.apolo.apolomgr.resource.login.authentication - INFO - 13712 - authentication.py - Thread-3 - post - Login successful with username admin and password admin123.
2017/12/26 PM 01:20:32 - backend.apolo.apolomgr.resource.login.authentication - INFO - 13344 - authentication.py - Thread-4 - post - Login successful with username admin and password admin123.
2017/12/26 PM 01:24:09 - backend.apolo.apolomgr.resource.login.authentication - INFO - 12232 - authentication.py - Thread-5 - post - Login successful with username admin and password admin123.
2017/12/26 PM 01:29:46 - backend.apolo.apolomgr.resource.login.authentication - INFO - 11564 - authentication.py - Thread-10 - post - Login failed with incorrect username admin or password admin.
2017/12/26 PM 01:31:04 - backend.apolo.apolomgr.resource.login.authentication - INFO - 8912 - authentication.py - Thread-11 - post - Login failed with incorrect username admin or password admin123!.
2017/12/26 PM 02:03:05 - backend.apolo.apolomgr.resource.login.authentication - INFO - 12256 - authentication.py - Thread-3 - post - Login successful with username admin and password admin123.
2017/12/26 PM 02:23:39 - backend.apolo.apolomgr.resource.login.authentication - INFO - 14068 - authentication.py - Thread-6 - post - Login successful with username admin and password admin123.
2017/12/26 PM 02:46:18 - backend.apolo.apolomgr.resource.login.authentication - INFO - 16580 - authentication.py - Thread-1 - post - Login successful with username admin and password admin123.
2017/12/26 PM 03:05:40 - backend.apolo.apolomgr.resource.login.authentication - INFO - 17184 - authentication.py - Thread-4 - post - Login failed with incorrect username admin111 or password admin123.
2017/12/26 PM 03:07:15 - backend.apolo.apolomgr.resource.login.authentication - INFO - 18684 - authentication.py - Thread-6 - post - Login successful with username admin and password admin123.
2017/12/26 PM 03:09:24 - backend.apolo.apolomgr.resource.login.authentication - INFO - 19448 - authentication.py - Thread-3 - post - Login failed with incorrect username admin111 or password admin123.
2017/12/26 PM 03:10:17 - backend.apolo.apolomgr.resource.login.authentication - INFO - 17520 - authentication.py - Thread-6 - post - Login successful with username admin and password admin123.
2017/12/26 PM 03:14:47 - backend.apolo.apolomgr.resource.login.authentication - INFO - 14628 - authentication.py - Thread-7 - post - Login failed with incorrect username admin111 or password admin123.
2017/12/26 PM 03:15:02 - backend.apolo.apolomgr.resource.login.authentication - INFO - 20052 - authentication.py - Thread-8 - post - Login successful with username admin and password admin123.
2017/12/26 PM 03:26:41 - backend.apolo.apolomgr.resource.login.authentication - INFO - 18076 - authentication.py - Thread-9 - post - Login successful with username admin and password admin123.
2017/12/26 PM 03:42:27 - backend.apolo.apolomgr.resource.login.authentication - INFO - 17116 - authentication.py - Thread-10 - post - Login successful with username admin and password admin123.
2017/12/26 PM 03:46:00 - backend.apolo.apolomgr.resource.login.authentication - INFO - 19144 - authentication.py - Thread-11 - post - Login successful with username admin and password admin123.
2017/12/26 PM 03:47:28 - backend.apolo.apolomgr.resource.login.authentication - INFO - 19396 - authentication.py - Thread-12 - post - Login successful with username admin and password admin123.
2017/12/26 PM 03:48:56 - backend.apolo.apolomgr.resource.login.authentication - INFO - 16580 - authentication.py - Thread-13 - post - Login successful with username admin and password admin123.
2017/12/26 PM 03:49:33 - backend.apolo.apolomgr.resource.login.authentication - INFO - 19416 - authentication.py - Thread-14 - post - Login successful with username admin and password admin123.
2017/12/26 PM 03:51:35 - backend.apolo.apolomgr.resource.login.authentication - INFO - 12800 - authentication.py - Thread-15 - post - Login successful with username admin and password admin123.
2017/12/26 PM 03:52:39 - backend.apolo.apolomgr.resource.login.authentication - INFO - 17936 - authentication.py - Thread-16 - post - Login successful with username admin and password admin123.
2017/12/26 PM 03:58:41 - backend.apolo.apolomgr.resource.login.authentication - INFO - 19004 - authentication.py - Thread-17 - post - Login successful with username admin and password admin123.
2017/12/26 PM 03:58:58 - backend.apolo.apolomgr.resource.login.authentication - INFO - 19152 - authentication.py - Thread-18 - post - Login failed with incorrect username admin or password admin12.
2017/12/26 PM 03:59:36 - backend.apolo.apolomgr.resource.login.authentication - INFO - 18816 - authentication.py - Thread-19 - post - Login successful with username admin and password admin123.
2017/12/26 PM 03:59:36 - backend.apolo.apolomgr.resource.login.authentication - INFO - 12788 - authentication.py - Thread-20 - post - Login successful with username admin and password admin123.
2017/12/26 PM 03:59:36 - backend.apolo.apolomgr.resource.login.authentication - INFO - 11796 - authentication.py - Thread-21 - post - Login successful with username admin and password admin123.
2017/12/26 PM 03:59:38 - backend.apolo.apolomgr.resource.login.authentication - INFO - 17412 - authentication.py - Thread-22 - post - Login successful with username admin and password admin123.
2017/12/26 PM 03:59:40 - backend.apolo.apolomgr.resource.login.authentication - INFO - 20032 - authentication.py - Thread-23 - post - Login successful with username admin and password admin123.
2017/12/26 PM 04:03:35 - backend.apolo.apolomgr.resource.login.authentication - INFO - 19600 - authentication.py - Thread-24 - post - Login successful with username admin and password admin123.
2017/12/26 PM 04:05:08 - backend.apolo.apolomgr.resource.login.authentication - INFO - 20420 - authentication.py - Thread-25 - post - Login successful with username admin and password admin123.
2017/12/26 PM 04:06:21 - backend.apolo.apolomgr.resource.login.authentication - INFO - 10404 - authentication.py - Thread-26 - post - Login successful with username admin and password admin123.
2017/12/26 PM 04:07:36 - backend.apolo.apolomgr.resource.login.authentication - INFO - 18832 - authentication.py - Thread-27 - post - Login successful with username admin and password admin123.
2017/12/26 PM 04:09:42 - backend.apolo.apolomgr.resource.login.authentication - INFO - 13368 - authentication.py - Thread-28 - post - Login successful with username admin and password admin123.
2017/12/26 PM 04:10:34 - backend.apolo.apolomgr.resource.login.authentication - INFO - 16608 - authentication.py - Thread-29 - post - Login successful with username admin and password admin123.
2017/12/26 PM 04:11:24 - backend.apolo.apolomgr.resource.login.authentication - INFO - 2784 - authentication.py - Thread-30 - post - Login successful with username admin and password admin123.
2017/12/26 PM 04:15:03 - backend.apolo.apolomgr.resource.login.authentication - INFO - 19452 - authentication.py - Thread-32 - post - Login successful with username admin and password admin123.
2017/12/26 PM 04:17:56 - backend.apolo.apolomgr.resource.login.authentication - INFO - 17980 - authentication.py - Thread-35 - post - Login successful with username admin and password admin123.
2017/12/26 PM 06:32:14 - backend.apolo.apolomgr.resource.login.authentication - INFO - 21116 - authentication.py - Thread-1 - post - Login failed with incorrect username admin111 or password admin123.
2017/12/26 PM 06:32:22 - backend.apolo.apolomgr.resource.login.authentication - INFO - 8184 - authentication.py - Thread-3 - post - Login successful with username admin and password admin123.
2017/12/26 PM 06:47:43 - backend.apolo.apolomgr.resource.login.authentication - INFO - 23968 - authentication.py - Thread-1 - post - Login successful with username admin and password admin123.
2017/12/26 PM 06:58:46 - backend.apolo.apolomgr.resource.login.authentication - INFO - 23956 - authentication.py - Thread-4 - post - Login successful with username admin and password admin123.
2017/12/26 PM 07:05:39 - backend.apolo.apolomgr.resource.login.authentication - INFO - 22040 - authentication.py - Thread-1 - post - Login successful with username admin and password admin123.
2017/12/26 PM 07:06:17 - backend.apolo.apolomgr.resource.login.authentication - INFO - 12052 - authentication.py - Thread-4 - post - Login successful with username kimli and password admin123.
2017/12/26 PM 07:12:04 - backend.apolo.apolomgr.resource.login.authentication - INFO - 6776 - authentication.py - Thread-3 - post - Login successful with username kimli and password admin123.
2017/12/26 PM 07:14:57 - backend.apolo.apolomgr.resource.login.authentication - INFO - 9772 - authentication.py - Thread-4 - post - Login successful with username kimli and password admin123.
2017/12/26 PM 07:15:22 - backend.apolo.apolomgr.resource.login.authentication - INFO - 25192 - authentication.py - Thread-7 - post - Login successful with username admin and password admin123.
2017/12/26 PM 08:02:21 - backend.apolo.apolomgr.resource.login.authentication - INFO - 24476 - authentication.py - Thread-10 - post - Login failed with incorrect username admin or password adnin123.
2017/12/26 PM 08:02:34 - backend.apolo.apolomgr.resource.login.authentication - INFO - 9940 - authentication.py - Thread-12 - post - Login successful with username admin and password admin123.
2017/12/27 PM 01:52:24 - backend.apolo.apolomgr.resource.login.authentication - INFO - 11676 - authentication.py - Thread-1 - post - Login successful with username admin and password admin123.
2017/12/27 PM 01:58:23 - backend.apolo.apolomgr.resource.login.authentication - INFO - 15804 - authentication.py - Thread-1 - post - Login successful with username kimli and password admin123.
2017/12/27 PM 02:00:23 - backend.apolo.apolomgr.resource.login.authentication - INFO - 16288 - authentication.py - Thread-5 - post - Login successful with username admin and password admin123.
2017/12/27 PM 03:01:06 - backend.apolo.apolomgr.resource.login.authentication - INFO - 16572 - authentication.py - Thread-4 - post - Login successful with username admin and password admin123.
2017/12/27 PM 03:08:19 - backend.apolo.apolomgr.resource.login.authentication - INFO - 18540 - authentication.py - Thread-6 - post - Login successful with username admin and password admin123.
2017/12/27 PM 04:52:14 - backend.apolo.apolomgr.resource.login.authentication - INFO - 16036 - authentication.py - Thread-1 - post - Login successful with username admin and password admin123.
2017/12/27 PM 05:47:46 - backend.apolo.apolomgr.resource.login.authentication - INFO - 22056 - authentication.py - Thread-8 - post - Login successful with username admin and password admin123.
